# JRE version: OpenJDK Runtime Environment Temurin-17.0.10+7 (17.0.10+7) (build 17.0.10+7)
# Java VM: OpenJDK 64-Bit Server VM Temurin-17.0.10+7 (17.0.10+7, mixed mode, emulated-client, tiered, compressed oops, compressed class ptrs, g1 gc, windows-amd64)
GC Precious Log:
 CPUs: 8 total, 8 available
 Memory: 7975M
 Large Page Support: Disabled
 NUMA Support: Disabled
 Compressed Oops: Enabled (32-bit)
 Heap Region Size: 1M
 Heap Min Capacity: 8M
 Heap Initial Capacity: 126M
 Heap Max Capacity: 1G
 Pre-touch: Disabled
 Parallel Workers: 8
 Concurrent Workers: 2
 Concurrent Refinement Workers: 8
 Periodic GC: Disabled
Heap:
 garbage-first heap   total 89088K, used 40183K [0x00000000c0000000, 0x0000000100000000)
  region size 1024K, 1 young (1024K), 0 survivors (0K)
 Metaspace       used 60896K, committed 61312K, reserved 1114112K
  class space    used 7244K, committed 7488K, reserved 1048576K
GC Heap History (20 events):
Event: 35734.105 GC heap before
{Heap before GC invocations=2380 (full 2290):
 garbage-first heap   total 89088K, used 40183K [0x00000000c0000000, 0x0000000100000000)
  region size 1024K, 1 young (1024K), 0 survivors (0K)
 Metaspace       used 60896K, committed 61312K, reserved 1114112K
  class space    used 7244K, committed 7488K, reserved 1048576K
}
Event: 35734.140 GC heap after
{Heap after GC invocations=2381 (full 2291):
 garbage-first heap   total 89088K, used 40183K [0x00000000c0000000, 0x0000000100000000)
  region size 1024K, 0 young (0K), 0 survivors (0K)
 Metaspace       used 60896K, committed 61312K, reserved 1114112K
  class space    used 7244K, committed 7488K, reserved 1048576K
}
Event: 35744.293 GC heap before
{Heap before GC invocations=2381 (full 2291):
 garbage-first heap   total 89088K, used 40183K [0x00000000c0000000, 0x0000000100000000)
  region size 1024K, 1 young (1024K), 0 survivors (0K)
 Metaspace       used 60896K, committed 61312K, reserved 1114112K
  class space    used 7244K, committed 7488K, reserved 1048576K
}
Event: 35744.331 GC heap after
{Heap after GC invocations=2382 (full 2292):
 garbage-first heap   total 89088K, used 40183K [0x00000000c0000000, 0x0000000100000000)
  region size 1024K, 0 young (0K), 0 survivors (0K)
 Metaspace       used 60896K, committed 61312K, reserved 1114112K
  class space    used 7244K, committed 7488K, reserved 1048576K
}
Event: 35754.479 GC heap before
{Heap before GC invocations=2382 (full 2292):
 garbage-first heap   total 89088K, used 40183K [0x00000000c0000000, 0x0000000100000000)
  region size 1024K, 1 young (1024K), 0 survivors (0K)
 Metaspace       used 60896K, committed 61312K, reserved 1114112K
  class space    used 7244K, committed 7488K, reserved 1048576K
}
Event: 35754.517 GC heap after
{Heap after GC invocations=2383 (full 2293):
 garbage-first heap   total 89088K, used 40183K [0x00000000c0000000, 0x0000000100000000)
  region size 1024K, 0 young (0K), 0 survivors (0K)
 Metaspace       used 60896K, committed 61312K, reserved 1114112K
  class space    used 7244K, committed 7488K, reserved 1048576K
}
Event: 35764.669 GC heap before
{Heap before GC invocations=2383 (full 2293):
 garbage-first heap   total 89088K, used 40183K [0x00000000c0000000, 0x0000000100000000)
  region size 1024K, 1 young (1024K), 0 survivors (0K)
 Metaspace       used 60896K, committed 61312K, reserved 1114112K
  class space    used 7244K, committed 7488K, reserved 1048576K
}
Event: 35764.712 GC heap after
{Heap after GC invocations=2384 (full 2294):
 garbage-first heap   total 89088K, used 40183K [0x00000000c0000000, 0x0000000100000000)
  region size 1024K, 0 young (0K), 0 survivors (0K)
 Metaspace       used 60896K, committed 61312K, reserved 1114112K
  class space    used 7244K, committed 7488K, reserved 1048576K
}
Event: 35775.053 GC heap before
{Heap before GC invocations=2384 (full 2294):
 garbage-first heap   total 89088K, used 40183K [0x00000000c0000000, 0x0000000100000000)
  region size 1024K, 1 young (1024K), 0 survivors (0K)
 Metaspace       used 60896K, committed 61312K, reserved 1114112K
  class space    used 7244K, committed 7488K, reserved 1048576K
}
Event: 35775.145 GC heap after
{Heap after GC invocations=2385 (full 2295):
 garbage-first heap   total 89088K, used 40183K [0x00000000c0000000, 0x0000000100000000)
  region size 1024K, 0 young (0K), 0 survivors (0K)
 Metaspace       used 60896K, committed 61312K, reserved 1114112K
  class space    used 7244K, committed 7488K, reserved 1048576K
}
Event: 35785.470 GC heap before
{Heap before GC invocations=2385 (full 2295):
 garbage-first heap   total 89088K, used 40183K [0x00000000c0000000, 0x0000000100000000)
  region size 1024K, 1 young (1024K), 0 survivors (0K)
 Metaspace       used 60896K, committed 61312K, reserved 1114112K
  class space    used 7244K, committed 7488K, reserved 1048576K
}
Event: 35785.546 GC heap after
{Heap after GC invocations=2386 (full 2296):
 garbage-first heap   total 89088K, used 40183K [0x00000000c0000000, 0x0000000100000000)
  region size 1024K, 0 young (0K), 0 survivors (0K)
 Metaspace       used 60896K, committed 61312K, reserved 1114112K
  class space    used 7244K, committed 7488K, reserved 1048576K
}
Event: 35795.756 GC heap before
{Heap before GC invocations=2386 (full 2296):
 garbage-first heap   total 89088K, used 40183K [0x00000000c0000000, 0x0000000100000000)
  region size 1024K, 1 young (1024K), 0 survivors (0K)
 Metaspace       used 60896K, committed 61312K, reserved 1114112K
  class space    used 7244K, committed 7488K, reserved 1048576K
}
Event: 35795.812 GC heap after
{Heap after GC invocations=2387 (full 2297):
 garbage-first heap   total 89088K, used 40183K [0x00000000c0000000, 0x0000000100000000)
  region size 1024K, 0 young (0K), 0 survivors (0K)
 Metaspace       used 60896K, committed 61312K, reserved 1114112K
  class space    used 7244K, committed 7488K, reserved 1048576K
}
Event: 35806.031 GC heap before
{Heap before GC invocations=2387 (full 2297):
 garbage-first heap   total 89088K, used 40183K [0x00000000c0000000, 0x0000000100000000)
  region size 1024K, 1 young (1024K), 0 survivors (0K)
 Metaspace       used 60896K, committed 61312K, reserved 1114112K
  class space    used 7244K, committed 7488K, reserved 1048576K
}
Event: 35806.077 GC heap after
{Heap after GC invocations=2388 (full 2298):
 garbage-first heap   total 89088K, used 40183K [0x00000000c0000000, 0x0000000100000000)
  region size 1024K, 0 young (0K), 0 survivors (0K)
 Metaspace       used 60896K, committed 61312K, reserved 1114112K
  class space    used 7244K, committed 7488K, reserved 1048576K
}
Event: 35816.228 GC heap before
{Heap before GC invocations=2388 (full 2298):
 garbage-first heap   total 89088K, used 40183K [0x00000000c0000000, 0x0000000100000000)
  region size 1024K, 1 young (1024K), 0 survivors (0K)
 Metaspace       used 60896K, committed 61312K, reserved 1114112K
  class space    used 7244K, committed 7488K, reserved 1048576K
}
Event: 35816.262 GC heap after
{Heap after GC invocations=2389 (full 2299):
 garbage-first heap   total 89088K, used 40183K [0x00000000c0000000, 0x0000000100000000)
  region size 1024K, 0 young (0K), 0 survivors (0K)
 Metaspace       used 60896K, committed 61312K, reserved 1114112K
  class space    used 7244K, committed 7488K, reserved 1048576K
}
Event: 35826.586 GC heap before
{Heap before GC invocations=2389 (full 2299):
 garbage-first heap   total 89088K, used 40183K [0x00000000c0000000, 0x0000000100000000)
  region size 1024K, 1 young (1024K), 0 survivors (0K)
 Metaspace       used 60896K, committed 61312K, reserved 1114112K
  class space    used 7244K, committed 7488K, reserved 1048576K
}
Event: 35826.655 GC heap after
{Heap after GC invocations=2390 (full 2300):
 garbage-first heap   total 89088K, used 40183K [0x00000000c0000000, 0x0000000100000000)
  region size 1024K, 0 young (0K), 0 survivors (0K)
 Metaspace       used 60896K, committed 61312K, reserved 1114112K
  class space    used 7244K, committed 7488K, reserved 1048576K
}

