# JRE version: OpenJDK Runtime Environment Temurin-17.0.10+7 (17.0.10+7) (build 17.0.10+7)
# Java VM: OpenJDK 64-Bit Server VM Temurin-17.0.10+7 (17.0.10+7, mixed mode, emulated-client, tiered, compressed oops, compressed class ptrs, g1 gc, windows-amd64)
GC Precious Log:
 CPUs: 8 total, 8 available
 Memory: 7975M
 Large Page Support: Disabled
 NUMA Support: Disabled
 Compressed Oops: Enabled (32-bit)
 Heap Region Size: 1M
 Heap Min Capacity: 8M
 Heap Initial Capacity: 126M
 Heap Max Capacity: 1G
 Pre-touch: Disabled
 Parallel Workers: 8
 Concurrent Workers: 2
 Concurrent Refinement Workers: 8
 Periodic GC: Disabled
Heap:
 garbage-first heap   total 101376K, used 39951K [0x00000000c0000000, 0x0000000100000000)
  region size 1024K, 1 young (1024K), 0 survivors (0K)
 Metaspace       used 66016K, committed 66560K, reserved 1114112K
  class space    used 7888K, committed 8128K, reserved 1048576K
GC Heap History (20 events):
Event: 8049.689 GC heap before
{Heap before GC invocations=696 (full 652):
 garbage-first heap   total 101376K, used 39951K [0x00000000c0000000, 0x0000000100000000)
  region size 1024K, 1 young (1024K), 0 survivors (0K)
 Metaspace       used 66016K, committed 66560K, reserved 1114112K
  class space    used 7888K, committed 8128K, reserved 1048576K
}
Event: 8049.721 GC heap after
{Heap after GC invocations=697 (full 653):
 garbage-first heap   total 101376K, used 39951K [0x00000000c0000000, 0x0000000100000000)
  region size 1024K, 0 young (0K), 0 survivors (0K)
 Metaspace       used 66016K, committed 66560K, reserved 1114112K
  class space    used 7888K, committed 8128K, reserved 1048576K
}
Event: 8059.995 GC heap before
{Heap before GC invocations=697 (full 653):
 garbage-first heap   total 101376K, used 39951K [0x00000000c0000000, 0x0000000100000000)
  region size 1024K, 1 young (1024K), 0 survivors (0K)
 Metaspace       used 66016K, committed 66560K, reserved 1114112K
  class space    used 7888K, committed 8128K, reserved 1048576K
}
Event: 8060.031 GC heap after
{Heap after GC invocations=698 (full 654):
 garbage-first heap   total 101376K, used 39951K [0x00000000c0000000, 0x0000000100000000)
  region size 1024K, 0 young (0K), 0 survivors (0K)
 Metaspace       used 66016K, committed 66560K, reserved 1114112K
  class space    used 7888K, committed 8128K, reserved 1048576K
}
Event: 8070.186 GC heap before
{Heap before GC invocations=698 (full 654):
 garbage-first heap   total 101376K, used 39951K [0x00000000c0000000, 0x0000000100000000)
  region size 1024K, 1 young (1024K), 0 survivors (0K)
 Metaspace       used 66016K, committed 66560K, reserved 1114112K
  class space    used 7888K, committed 8128K, reserved 1048576K
}
Event: 8070.228 GC heap after
{Heap after GC invocations=699 (full 655):
 garbage-first heap   total 101376K, used 39951K [0x00000000c0000000, 0x0000000100000000)
  region size 1024K, 0 young (0K), 0 survivors (0K)
 Metaspace       used 66016K, committed 66560K, reserved 1114112K
  class space    used 7888K, committed 8128K, reserved 1048576K
}
Event: 8080.377 GC heap before
{Heap before GC invocations=699 (full 655):
 garbage-first heap   total 101376K, used 39951K [0x00000000c0000000, 0x0000000100000000)
  region size 1024K, 1 young (1024K), 0 survivors (0K)
 Metaspace       used 66016K, committed 66560K, reserved 1114112K
  class space    used 7888K, committed 8128K, reserved 1048576K
}
Event: 8080.420 GC heap after
{Heap after GC invocations=700 (full 656):
 garbage-first heap   total 101376K, used 39951K [0x00000000c0000000, 0x0000000100000000)
  region size 1024K, 0 young (0K), 0 survivors (0K)
 Metaspace       used 66016K, committed 66560K, reserved 1114112K
  class space    used 7888K, committed 8128K, reserved 1048576K
}
Event: 8090.570 GC heap before
{Heap before GC invocations=700 (full 656):
 garbage-first heap   total 101376K, used 39951K [0x00000000c0000000, 0x0000000100000000)
  region size 1024K, 1 young (1024K), 0 survivors (0K)
 Metaspace       used 66016K, committed 66560K, reserved 1114112K
  class space    used 7888K, committed 8128K, reserved 1048576K
}
Event: 8090.606 GC heap after
{Heap after GC invocations=701 (full 657):
 garbage-first heap   total 101376K, used 39951K [0x00000000c0000000, 0x0000000100000000)
  region size 1024K, 0 young (0K), 0 survivors (0K)
 Metaspace       used 66016K, committed 66560K, reserved 1114112K
  class space    used 7888K, committed 8128K, reserved 1048576K
}
Event: 8100.756 GC heap before
{Heap before GC invocations=701 (full 657):
 garbage-first heap   total 101376K, used 39951K [0x00000000c0000000, 0x0000000100000000)
  region size 1024K, 1 young (1024K), 0 survivors (0K)
 Metaspace       used 66016K, committed 66560K, reserved 1114112K
  class space    used 7888K, committed 8128K, reserved 1048576K
}
Event: 8100.794 GC heap after
{Heap after GC invocations=702 (full 658):
 garbage-first heap   total 101376K, used 39951K [0x00000000c0000000, 0x0000000100000000)
  region size 1024K, 0 young (0K), 0 survivors (0K)
 Metaspace       used 66016K, committed 66560K, reserved 1114112K
  class space    used 7888K, committed 8128K, reserved 1048576K
}
Event: 8110.970 GC heap before
{Heap before GC invocations=702 (full 658):
 garbage-first heap   total 101376K, used 39951K [0x00000000c0000000, 0x0000000100000000)
  region size 1024K, 1 young (1024K), 0 survivors (0K)
 Metaspace       used 66016K, committed 66560K, reserved 1114112K
  class space    used 7888K, committed 8128K, reserved 1048576K
}
Event: 8111.068 GC heap after
{Heap after GC invocations=703 (full 659):
 garbage-first heap   total 101376K, used 39951K [0x00000000c0000000, 0x0000000100000000)
  region size 1024K, 0 young (0K), 0 survivors (0K)
 Metaspace       used 66016K, committed 66560K, reserved 1114112K
  class space    used 7888K, committed 8128K, reserved 1048576K
}
Event: 8121.468 GC heap before
{Heap before GC invocations=703 (full 659):
 garbage-first heap   total 101376K, used 39951K [0x00000000c0000000, 0x0000000100000000)
  region size 1024K, 1 young (1024K), 0 survivors (0K)
 Metaspace       used 66016K, committed 66560K, reserved 1114112K
  class space    used 7888K, committed 8128K, reserved 1048576K
}
Event: 8121.507 GC heap after
{Heap after GC invocations=704 (full 660):
 garbage-first heap   total 101376K, used 39951K [0x00000000c0000000, 0x0000000100000000)
  region size 1024K, 0 young (0K), 0 survivors (0K)
 Metaspace       used 66016K, committed 66560K, reserved 1114112K
  class space    used 7888K, committed 8128K, reserved 1048576K
}
Event: 8131.655 GC heap before
{Heap before GC invocations=704 (full 660):
 garbage-first heap   total 101376K, used 39951K [0x00000000c0000000, 0x0000000100000000)
  region size 1024K, 1 young (1024K), 0 survivors (0K)
 Metaspace       used 66016K, committed 66560K, reserved 1114112K
  class space    used 7888K, committed 8128K, reserved 1048576K
}
Event: 8131.687 GC heap after
{Heap after GC invocations=705 (full 661):
 garbage-first heap   total 101376K, used 39951K [0x00000000c0000000, 0x0000000100000000)
  region size 1024K, 0 young (0K), 0 survivors (0K)
 Metaspace       used 66016K, committed 66560K, reserved 1114112K
  class space    used 7888K, committed 8128K, reserved 1048576K
}
Event: 8141.931 GC heap before
{Heap before GC invocations=705 (full 661):
 garbage-first heap   total 101376K, used 39951K [0x00000000c0000000, 0x0000000100000000)
  region size 1024K, 1 young (1024K), 0 survivors (0K)
 Metaspace       used 66016K, committed 66560K, reserved 1114112K
  class space    used 7888K, committed 8128K, reserved 1048576K
}
Event: 8141.972 GC heap after
{Heap after GC invocations=706 (full 662):
 garbage-first heap   total 101376K, used 39951K [0x00000000c0000000, 0x0000000100000000)
  region size 1024K, 0 young (0K), 0 survivors (0K)
 Metaspace       used 66016K, committed 66560K, reserved 1114112K
  class space    used 7888K, committed 8128K, reserved 1048576K
}

