# JRE version: OpenJDK Runtime Environment Temurin-17.0.10+7 (17.0.10+7) (build 17.0.10+7)
# Java VM: OpenJDK 64-Bit Server VM Temurin-17.0.10+7 (17.0.10+7, mixed mode, emulated-client, tiered, compressed oops, compressed class ptrs, g1 gc, windows-amd64)
GC Precious Log:
 CPUs: 8 total, 8 available
 Memory: 7975M
 Large Page Support: Disabled
 NUMA Support: Disabled
 Compressed Oops: Enabled (32-bit)
 Heap Region Size: 1M
 Heap Min Capacity: 8M
 Heap Initial Capacity: 126M
 Heap Max Capacity: 1G
 Pre-touch: Disabled
 Parallel Workers: 8
 Concurrent Workers: 2
 Concurrent Refinement Workers: 8
 Periodic GC: Disabled
Heap:
 garbage-first heap   total 104448K, used 37907K [0x00000000c0000000, 0x0000000100000000)
  region size 1024K, 1 young (1024K), 0 survivors (0K)
 Metaspace       used 60408K, committed 60864K, reserved 1114112K
  class space    used 7199K, committed 7360K, reserved 1048576K
GC Heap History (20 events):
Event: 4665.240 GC heap before
{Heap before GC invocations=436 (full 415):
 garbage-first heap   total 104448K, used 37907K [0x00000000c0000000, 0x0000000100000000)
  region size 1024K, 1 young (1024K), 0 survivors (0K)
 Metaspace       used 60408K, committed 60864K, reserved 1114112K
  class space    used 7199K, committed 7360K, reserved 1048576K
}
Event: 4665.264 GC heap after
{Heap after GC invocations=437 (full 416):
 garbage-first heap   total 104448K, used 37907K [0x00000000c0000000, 0x0000000100000000)
  region size 1024K, 0 young (0K), 0 survivors (0K)
 Metaspace       used 60408K, committed 60864K, reserved 1114112K
  class space    used 7199K, committed 7360K, reserved 1048576K
}
Event: 4675.405 GC heap before
{Heap before GC invocations=437 (full 416):
 garbage-first heap   total 104448K, used 37907K [0x00000000c0000000, 0x0000000100000000)
  region size 1024K, 1 young (1024K), 0 survivors (0K)
 Metaspace       used 60408K, committed 60864K, reserved 1114112K
  class space    used 7199K, committed 7360K, reserved 1048576K
}
Event: 4675.441 GC heap after
{Heap after GC invocations=438 (full 417):
 garbage-first heap   total 104448K, used 37907K [0x00000000c0000000, 0x0000000100000000)
  region size 1024K, 0 young (0K), 0 survivors (0K)
 Metaspace       used 60408K, committed 60864K, reserved 1114112K
  class space    used 7199K, committed 7360K, reserved 1048576K
}
Event: 4685.577 GC heap before
{Heap before GC invocations=438 (full 417):
 garbage-first heap   total 104448K, used 37907K [0x00000000c0000000, 0x0000000100000000)
  region size 1024K, 1 young (1024K), 0 survivors (0K)
 Metaspace       used 60408K, committed 60864K, reserved 1114112K
  class space    used 7199K, committed 7360K, reserved 1048576K
}
Event: 4685.601 GC heap after
{Heap after GC invocations=439 (full 418):
 garbage-first heap   total 104448K, used 37907K [0x00000000c0000000, 0x0000000100000000)
  region size 1024K, 0 young (0K), 0 survivors (0K)
 Metaspace       used 60408K, committed 60864K, reserved 1114112K
  class space    used 7199K, committed 7360K, reserved 1048576K
}
Event: 4696.146 GC heap before
{Heap before GC invocations=439 (full 418):
 garbage-first heap   total 104448K, used 37907K [0x00000000c0000000, 0x0000000100000000)
  region size 1024K, 1 young (1024K), 0 survivors (0K)
 Metaspace       used 60408K, committed 60864K, reserved 1114112K
  class space    used 7199K, committed 7360K, reserved 1048576K
}
Event: 4696.186 GC heap after
{Heap after GC invocations=440 (full 419):
 garbage-first heap   total 104448K, used 37907K [0x00000000c0000000, 0x0000000100000000)
  region size 1024K, 0 young (0K), 0 survivors (0K)
 Metaspace       used 60408K, committed 60864K, reserved 1114112K
  class space    used 7199K, committed 7360K, reserved 1048576K
}
Event: 4706.387 GC heap before
{Heap before GC invocations=440 (full 419):
 garbage-first heap   total 104448K, used 37907K [0x00000000c0000000, 0x0000000100000000)
  region size 1024K, 1 young (1024K), 0 survivors (0K)
 Metaspace       used 60408K, committed 60864K, reserved 1114112K
  class space    used 7199K, committed 7360K, reserved 1048576K
}
Event: 4706.424 GC heap after
{Heap after GC invocations=441 (full 420):
 garbage-first heap   total 104448K, used 37907K [0x00000000c0000000, 0x0000000100000000)
  region size 1024K, 0 young (0K), 0 survivors (0K)
 Metaspace       used 60408K, committed 60864K, reserved 1114112K
  class space    used 7199K, committed 7360K, reserved 1048576K
}
Event: 4716.612 GC heap before
{Heap before GC invocations=441 (full 420):
 garbage-first heap   total 104448K, used 37907K [0x00000000c0000000, 0x0000000100000000)
  region size 1024K, 1 young (1024K), 0 survivors (0K)
 Metaspace       used 60408K, committed 60864K, reserved 1114112K
  class space    used 7199K, committed 7360K, reserved 1048576K
}
Event: 4716.645 GC heap after
{Heap after GC invocations=442 (full 421):
 garbage-first heap   total 104448K, used 37907K [0x00000000c0000000, 0x0000000100000000)
  region size 1024K, 0 young (0K), 0 survivors (0K)
 Metaspace       used 60408K, committed 60864K, reserved 1114112K
  class space    used 7199K, committed 7360K, reserved 1048576K
}
Event: 4726.888 GC heap before
{Heap before GC invocations=442 (full 421):
 garbage-first heap   total 104448K, used 37907K [0x00000000c0000000, 0x0000000100000000)
  region size 1024K, 1 young (1024K), 0 survivors (0K)
 Metaspace       used 60408K, committed 60864K, reserved 1114112K
  class space    used 7199K, committed 7360K, reserved 1048576K
}
Event: 4726.921 GC heap after
{Heap after GC invocations=443 (full 422):
 garbage-first heap   total 104448K, used 37907K [0x00000000c0000000, 0x0000000100000000)
  region size 1024K, 0 young (0K), 0 survivors (0K)
 Metaspace       used 60408K, committed 60864K, reserved 1114112K
  class space    used 7199K, committed 7360K, reserved 1048576K
}
Event: 4737.061 GC heap before
{Heap before GC invocations=443 (full 422):
 garbage-first heap   total 104448K, used 37907K [0x00000000c0000000, 0x0000000100000000)
  region size 1024K, 1 young (1024K), 0 survivors (0K)
 Metaspace       used 60408K, committed 60864K, reserved 1114112K
  class space    used 7199K, committed 7360K, reserved 1048576K
}
Event: 4737.092 GC heap after
{Heap after GC invocations=444 (full 423):
 garbage-first heap   total 104448K, used 37907K [0x00000000c0000000, 0x0000000100000000)
  region size 1024K, 0 young (0K), 0 survivors (0K)
 Metaspace       used 60408K, committed 60864K, reserved 1114112K
  class space    used 7199K, committed 7360K, reserved 1048576K
}
Event: 4747.230 GC heap before
{Heap before GC invocations=444 (full 423):
 garbage-first heap   total 104448K, used 37907K [0x00000000c0000000, 0x0000000100000000)
  region size 1024K, 1 young (1024K), 0 survivors (0K)
 Metaspace       used 60408K, committed 60864K, reserved 1114112K
  class space    used 7199K, committed 7360K, reserved 1048576K
}
Event: 4747.259 GC heap after
{Heap after GC invocations=445 (full 424):
 garbage-first heap   total 104448K, used 37907K [0x00000000c0000000, 0x0000000100000000)
  region size 1024K, 0 young (0K), 0 survivors (0K)
 Metaspace       used 60408K, committed 60864K, reserved 1114112K
  class space    used 7199K, committed 7360K, reserved 1048576K
}
Event: 4757.419 GC heap before
{Heap before GC invocations=445 (full 424):
 garbage-first heap   total 104448K, used 37907K [0x00000000c0000000, 0x0000000100000000)
  region size 1024K, 1 young (1024K), 0 survivors (0K)
 Metaspace       used 60408K, committed 60864K, reserved 1114112K
  class space    used 7199K, committed 7360K, reserved 1048576K
}
Event: 4757.448 GC heap after
{Heap after GC invocations=446 (full 425):
 garbage-first heap   total 104448K, used 37907K [0x00000000c0000000, 0x0000000100000000)
  region size 1024K, 0 young (0K), 0 survivors (0K)
 Metaspace       used 60408K, committed 60864K, reserved 1114112K
  class space    used 7199K, committed 7360K, reserved 1048576K
}

